<?xml version="1.0" encoding="UTF-8"?>
<testng-results ignored="0" total="1" passed="1" failed="0" skipped="0">
  <reporter-output>
  </reporter-output>
  <suite started-at="2022-09-20T20:08:02 IST" name="Default suite" finished-at="2022-09-20T20:08:49 IST" duration-ms="47211">
    <groups>
    </groups>
    <test started-at="2022-09-20T20:08:02 IST" name="Default test" finished-at="2022-09-20T20:08:49 IST" duration-ms="47211">
      <class name="parallel_excuition.ParallelExecutionClass">
        <test-method signature="verifyFireFox()[pri:0, instance:parallel_excuition.ParallelExecutionClass@11c9af63]" started-at="2022-09-20T20:08:02 IST" name="verifyFireFox" finished-at="2022-09-20T20:08:49 IST" duration-ms="47145" status="PASS">
          <reporter-output>
          </reporter-output>
        </test-method> <!-- verifyFireFox -->
      </class> <!-- parallel_excuition.ParallelExecutionClass -->
    </test> <!-- Default test -->
  </suite> <!-- Default suite -->
</testng-results>
